/**
 * Basic usage:
 * strace -p <pid> -s 500 -e write
 * (write - syscall, 500 - output limit)
 *
 * Output description:
 * write(3, "battery name...", 130) = 130
 * (3 - file descriptor, =130 - return value)
 * With no return value: 0=success, -1=failure
 *
 * Output FD for process:
 * ls -l /proc/<pid>/fd/3
 * (/proc/4205/fd/3 -> /var/log/http/error.log)
 * File descriptors: 0=stdin, 1=stdout, 2=stderr
 *
 * Reference to syscall list:
 * http://man7.org/linux/man-pages/man3/errno.3.html
 * http://man7.org/linux/man-pages/man2/syscalls.2.html
 *
 */

$ ls -l /proc/7829/fd | cut -c'1-10,55-'
> lrwx------ 0 -> /dev/null
> lrwx------ 1 -> /dev/null
> lrwx------ 2 -> /dev/null
> l-wx------ 3 -> /dev/__kmsg__ (deleted)                       # output: log to kernel
> lrwx------ 4 -> socket:[6951]                                 # event_fd (netlink socket)
> lrwx------ 5 -> /dev/binder                                   # binder_fd
> lrwx------ 6 -> anon_inode:[eventpoll]                        # epollfd
> l-wx------ 7 -> /dev/cpuctl/apps/tasks                        # fg_cgroup_fd (libcutils)
> l-wx------ 8 -> /dev/cpuctl/apps/bg_non_interactive/tasks     # bg_cgroup_fd (libcutils)
> lr-x------ 9 -> /dev/__properties__                           # r/o property fd



$ strace -p 7829
> Process attached - interrupt to quit
>  based on example from http://newandroidbook.com/AIvI-M-RL1.pdf
>  healthd patiently polling (0xffffffff = indefinitely) until an fd signals an event
>  netlink msg received on fd 4 (event_fd) - indicating core state change (going offline)
>  healthd is not interested, so polling continues; healthd collect stats by open/close files
>
> epoll_wait(0x6, 0xbebb5898, 0x2, 0xffffffff) = 1
> recvmsg(4, {msg_name(12)={sa_family=AF_NETLINK, pid=0, groups=00000001}, msg_iov(1)=[{"offline@/devices/system/cpu/cpu1"..., 1024}], msg_controllen=24, ....
> epoll_wait(0x6, 0xbebb5898, 0x2, 0xffffffff) = 1
> recvmsg(4, {msg_name(12)={sa_family=AF_NETLINK, pid=0, groups=00000001}, msg_iov(1)=[{"change@/devices/platform/htc_bat"..., 1024}], msg_controllen=24, {cmsg_len=24, cmsg_level=SOL_SOCKET, cmsg_type=SCM_CREDENTIALS{pid=0, uid=0, gid=0}}, msg_flags=0}, 0) = 488
> open("/sys/class/power_supply/battery/present", O_RDONLY) = 10     # Is battery present?
> read(10, "1\n", 16) = 2                                            # Yes=1
> close(10) = 0                                                      # Close
> open("/sys/class/power_supply/battery/capacity", O_RDONLY) = 10    # What is its capacity?
> read(10, "96\n", 128) = 3                                          # 96%
> close(10) = 0                                                      # Close
> open("/sys/class/power_supply/battery/batt_vol", O_RDONLY) = 10    # Voltage?
> read(10, "4303\n", 128) = 5                                        # 4303
> close(10) = 0                                                      # Close
> open("/sys/class/power_supply/battery/batt_temp", O_RDONLY) = 10   # Temperature?
> read(10, "265\n", 128) = 4                                         # 265
> close(10) = 0                                                      # Close
> open("/sys/class/power_supply/battery/status", O_RDONLY) = 10      # Charge status?
> read(10, "Charging\n", 128) = 9                                    # Charging
> close(10) = 0                                                      # Close
> open("/sys/class/power_supply/battery/health", O_RDONLY) = 10      # Battery Health
> read(10, "Good\n", 128) = 5                                        # Good
> close(10) = 0                                                      # Close
> open("/sys/class/power_supply/usb/online", O_RDONLY) = 10          # USB is connected
> read(10, "1\n", 128) = 2                                           # Yes=1
> close(10) = 0                                                      # Close
> write(3, "<6>healthd: battery l=96 v=4 t=2".., 51) = 51            # Report to kernel log
> ioctl(5, BINDER_WRITE_READ, 0xbebb5070) = 0                        # Report to client listeners
> epoll_wait(0x6, 0xbebb5898, 0x2, 0xffffffff) = 1                   # Back to polling
